seed = 239
Nsplit = 66
REPETITION 1
UNSPLIT CO:   0.6385127337527671
TRAIN SET CO: 0.6724283096462816
TEST SET CO:  0.5355038961251363

UNSPLIT INF:   0.6864451510475571
TRAIN SET INF: 0.6933203817520515
TEST SET INF:  0.7326382148516579

UNSPLIT FINF:   0.6704697658152425
TRAIN SET FINF: 0.6924287182237493
TEST SET FINF:  0.6498529473536621

REPETITION 2
UNSPLIT CO:   0.6385127337527671
TRAIN SET CO: 0.6439091634923996
TEST SET CO:  0.6390703556404818

UNSPLIT INF:   0.6864451510475571
TRAIN SET INF: 0.6789569531792742
TEST SET INF:  0.7029304458409016

UNSPLIT FINF:   0.6704697658152425
TRAIN SET FINF: 0.6486936147634741
TEST SET FINF:  0.717028413929962

REPETITION 3
UNSPLIT CO:   0.6385127337527671
TRAIN SET CO: 0.6124251226729401
TEST SET CO:  0.7040507153116512

UNSPLIT INF:   0.6864451510475571
TRAIN SET INF: 0.6831658550452758
TEST SET INF:  0.6613203453637517

UNSPLIT FINF:   0.6704697658152425
TRAIN SET FINF: 0.693373352619857
TEST SET FINF:  0.58575218953713

REPETITION 4
UNSPLIT CO:   0.6385127337527671
TRAIN SET CO: 0.6662311958291465
TEST SET CO:  0.5877249770957824

UNSPLIT INF:   0.6864451510475571
TRAIN SET INF: 0.6838416767572474
TEST SET INF:  0.6847135824093876

UNSPLIT FINF:   0.6704697658152425
TRAIN SET FINF: 0.7096282863827668
TEST SET FINF:  0.5713074589394633

REPETITION 5
UNSPLIT CO:   0.6385127337527671
TRAIN SET CO: 0.6917534127922382
TEST SET CO:  0.4462775252774813

UNSPLIT INF:   0.6864451510475571
TRAIN SET INF: 0.6837921400134105
TEST SET INF:  0.6675187538328501

UNSPLIT FINF:   0.6704697658152425
TRAIN SET FINF: 0.7039240120983187
TEST SET FINF:  0.5360116019074248

