seed = 239
Nsplit = 66
REPETITION 1
UNSPLIT CO:   0.6385127337527671
TRAIN SET CO: 0.6724283096462816
TEST SET CO:  0.5355038961251363

UNSPLIT INF:   0.6864451510475571
TRAIN SET INF: 0.6933203817520515
TEST SET INF:  0.7326382148516579

UNSPLIT FINF:   0.6908162892302352
TRAIN SET FINF: 0.6800836849608298
TEST SET FINF:  0.7827898616986829

REPETITION 2
UNSPLIT CO:   0.6385127337527671
TRAIN SET CO: 0.6439091634923996
TEST SET CO:  0.6390703556404818

UNSPLIT INF:   0.6864451510475571
TRAIN SET INF: 0.6789569531792742
TEST SET INF:  0.7029304458409016

UNSPLIT FINF:   0.6908162892302352
TRAIN SET FINF: 0.6667725557932687
TEST SET FINF:  0.7449435664085764

REPETITION 3
UNSPLIT CO:   0.6385127337527671
TRAIN SET CO: 0.6124251226729401
TEST SET CO:  0.7040507153116512

UNSPLIT INF:   0.6864451510475571
TRAIN SET INF: 0.6831658550452758
TEST SET INF:  0.6613203453637517

UNSPLIT FINF:   0.6908162892302352
TRAIN SET FINF: 0.6890238242355174
TEST SET FINF:  0.6705021798370167

REPETITION 4
UNSPLIT CO:   0.6385127337527671
TRAIN SET CO: 0.6662311958291465
TEST SET CO:  0.5877249770957824

UNSPLIT INF:   0.6864451510475571
TRAIN SET INF: 0.6838416767572474
TEST SET INF:  0.6847135824093876

UNSPLIT FINF:   0.6908162892302352
TRAIN SET FINF: 0.7050301419249555
TEST SET FINF:  0.6552475322957111

REPETITION 5
UNSPLIT CO:   0.6385127337527671
TRAIN SET CO: 0.6917534127922382
TEST SET CO:  0.4462775252774813

UNSPLIT INF:   0.6864451510475571
TRAIN SET INF: 0.6837921400134105
TEST SET INF:  0.6675187538328501

UNSPLIT FINF:   0.6908162892302352
TRAIN SET FINF: 0.7182853190448064
TEST SET FINF:  0.5822956640728576

