Including 1A6N.
Including 1ADW.
Including 1APS.
Including 1ARR.
Including 1AUE.
Including 1AYI.
Including 1BA5.
Including 1BD8.
Including 1BF4.
Including 1BFE.
Including 1BNI.
Including 1BNZ.
Including 1BRS.
Including 1C9O.
Including 1CDC.
Including 1CSP.
Including 1E0G.
Including 1E0L.
Including 1E0M.
Including 1E65.
Including 1EAL.
Including 1EHB.
Including 1ENH.
Including 1FEX.
Including 1FKF.
Including 1FTG.
Including 1G6P.
Including 1GXT.
Including 1HCD.
Including 1HEL.
Including 1HMK.
Including 1I1B.
Including 1IDY.
Including 1IMQ.
Including 1J5U.
Including 1JO8.
Including 1JOO.
Including 1K0S.
Including 1K8M.
Including 1L2Y.
Including 1LMB.
Including 1LOP.
Including 1MJC.
Including 1N88.
Including 1NPS.
Including 1NTI.
Including 1O6X.
Including 1PBA.
Including 1PNJ.
Including 1POH.
Including 1PRB.
Including 1PSF.
Including 1QTU.
Including 1RFA.
Including 1RIS.
Including 1RYK.
Including 1SCE.
Including 1SHG.
Including 1SPR.
Including 1SRL.
Including 1SS1.
Including 1ST7.
Including 1TEN.
Including 1TIT.
Including 1TTF.
Including 1UBQ.
Including 1URN.
Including 1UZC.
Including 1V9E.
Including 1VII.
Including 1W4J.
Including 1WIT.
Including 1YCC.
Including 1YEA.
Including 1YZA.
Including 256B.
Including 2A3D.
Including 2A5E.
Including 2ACY.
Including 2CI2.
Including 2CRO.
Including 2EAL.
Including 2FDQ.
Including 2HPR.
Including 2HQI.
Including 2LZM.
Including 2PDD.
Including 2QJL.
Including 2RN2.
Including 2VIK.
Including 2VKN.
Including 2WXC.
Including 3CHY.
Including 3F6R.
Including 3M48.
